<?xml version="1.0" encoding="UTF-8"?>
<!-- Generated by org.testng.reporters.JUnitXMLReporter -->
<testsuite hostname="R2D2" ignored="0" name="Default test" tests="2" failures="0" timestamp="11 Aug 2018 13:04:27 GMT" time="60.356" errors="0">
  <testcase name="runCuke" time="42.396" classname="com.automationpractise.bddtest.testrunner.CucumberRunner"/>
  <testcase name="runCuke" time="15.104" classname="com.automationpractise.bddtest.testrunner.CucumberRunner"/>
</testsuite> <!-- Default test -->
