<?xml version="1.0" encoding="UTF-8"?>
<testng-results skipped="0" failed="0" ignored="0" total="2" passed="2">
  <reporter-output>
  </reporter-output>
  <suite name="Suite" duration-ms="61887" started-at="2018-08-11T16:27:13Z" finished-at="2018-08-11T16:28:15Z">
    <groups>
    </groups>
    <test name="Test" duration-ms="61887" started-at="2018-08-11T16:27:13Z" finished-at="2018-08-11T16:28:15Z">
      <class name="com.automationpractise.bddtest.testrunner.CucumberRunner">
        <test-method status="PASS" signature="setupTest()[pri:0, instance:com.automationpractise.bddtest.testrunner.CucumberRunner@194d431]" name="setupTest" is-config="true" duration-ms="696" started-at="2018-08-11T21:57:13Z" finished-at="2018-08-11T21:57:14Z">
          <reporter-output>
          </reporter-output>
        </test-method> <!-- setupTest -->
        <test-method status="PASS" signature="runCuke(cucumber.api.testng.CucumberFeatureWrapper)[pri:0, instance:com.automationpractise.bddtest.testrunner.CucumberRunner@194d431]" name="runCuke" duration-ms="46648" started-at="2018-08-11T21:57:14Z" data-provider="provider" finished-at="2018-08-11T21:58:00Z">
          <params>
            <param index="0">
              <value>
                <![CDATA[Order T-Shirt]]>
              </value>
            </param>
          </params>
          <reporter-output>
          </reporter-output>
        </test-method> <!-- runCuke -->
        <test-method status="PASS" signature="runCuke(cucumber.api.testng.CucumberFeatureWrapper)[pri:0, instance:com.automationpractise.bddtest.testrunner.CucumberRunner@194d431]" name="runCuke" duration-ms="13235" started-at="2018-08-11T21:58:00Z" data-provider="provider" finished-at="2018-08-11T21:58:14Z">
          <params>
            <param index="0">
              <value>
                <![CDATA[Update Personal Information]]>
              </value>
            </param>
          </params>
          <reporter-output>
          </reporter-output>
        </test-method> <!-- runCuke -->
        <test-method status="PASS" signature="teardownTest()[pri:0, instance:com.automationpractise.bddtest.testrunner.CucumberRunner@194d431]" name="teardownTest" is-config="true" duration-ms="1083" started-at="2018-08-11T21:58:14Z" finished-at="2018-08-11T21:58:15Z">
          <reporter-output>
          </reporter-output>
        </test-method> <!-- teardownTest -->
      </class> <!-- com.automationpractise.bddtest.testrunner.CucumberRunner -->
    </test> <!-- Test -->
  </suite> <!-- Suite -->
</testng-results>
