<?xml version="1.0" encoding="UTF-8"?>
<testng-results skipped="0" failed="0" ignored="0" total="2" passed="2">
  <reporter-output>
  </reporter-output>
  <suite name="Default suite" duration-ms="60356" started-at="2018-08-11T13:03:26Z" finished-at="2018-08-11T13:04:27Z">
    <groups>
    </groups>
    <test name="Default test" duration-ms="60356" started-at="2018-08-11T13:03:26Z" finished-at="2018-08-11T13:04:27Z">
      <class name="com.automationpractise.bddtest.testrunner.CucumberRunner">
        <test-method status="PASS" signature="setupTest()[pri:0, instance:com.automationpractise.bddtest.testrunner.CucumberRunner@194d431]" name="setupTest" is-config="true" duration-ms="1075" started-at="2018-08-11T18:33:26Z" finished-at="2018-08-11T18:33:27Z">
          <reporter-output>
          </reporter-output>
        </test-method> <!-- setupTest -->
        <test-method status="PASS" signature="runCuke(cucumber.api.testng.CucumberFeatureWrapper)[pri:0, instance:com.automationpractise.bddtest.testrunner.CucumberRunner@194d431]" name="runCuke" duration-ms="42396" started-at="2018-08-11T18:33:28Z" data-provider="provider" finished-at="2018-08-11T18:34:10Z">
          <params>
            <param index="0">
              <value>
                <![CDATA[Order T-Shirt]]>
              </value>
            </param>
          </params>
          <reporter-output>
          </reporter-output>
        </test-method> <!-- runCuke -->
        <test-method status="PASS" signature="runCuke(cucumber.api.testng.CucumberFeatureWrapper)[pri:0, instance:com.automationpractise.bddtest.testrunner.CucumberRunner@194d431]" name="runCuke" duration-ms="15104" started-at="2018-08-11T18:34:10Z" data-provider="provider" finished-at="2018-08-11T18:34:25Z">
          <params>
            <param index="0">
              <value>
                <![CDATA[Update Personal Information]]>
              </value>
            </param>
          </params>
          <reporter-output>
          </reporter-output>
        </test-method> <!-- runCuke -->
        <test-method status="PASS" signature="teardownTest()[pri:0, instance:com.automationpractise.bddtest.testrunner.CucumberRunner@194d431]" name="teardownTest" is-config="true" duration-ms="1346" started-at="2018-08-11T18:34:25Z" finished-at="2018-08-11T18:34:27Z">
          <reporter-output>
          </reporter-output>
        </test-method> <!-- teardownTest -->
      </class> <!-- com.automationpractise.bddtest.testrunner.CucumberRunner -->
    </test> <!-- Default test -->
  </suite> <!-- Default suite -->
</testng-results>
